============================================ 
Run started: 24-03-2026 21:23:06.27 
============================================ 
2026-03-24 21:23:10,381  INFO      submittal_tracker  Discovering documents for Frisco …
^C============================================ 
Run started: 24-03-2026 21:24:44.15 
============================================ 
2026-03-24 21:24:45,475  INFO      submittal_tracker  Discovering documents for Frisco …
^C============================================ 
Run started: 24-03-2026 21:24:57.18 
============================================ 
2026-03-24 21:24:58,422  INFO      submittal_tracker  Discovering documents for Frisco …
============================================ 
Run started: 24-03-2026 21:25:39.83 
============================================ 
2026-03-24 21:25:40,828  INFO      submittal_tracker  Discovering documents for Frisco …
Traceback (most recent call last):
  File "<frozen runpy>", line 198, in _run_module_as_main
  File "<frozen runpy>", line 88, in _run_code
  File "C:\Users\divya\Desktop\SparksRadar\submittal_tracker\main.py", line 117, in <module>
    main()
    ~~~~^^
  File "C:\Users\divya\Desktop\SparksRadar\submittal_tracker\main.py", line 113, in main
    asyncio.run(run(args.city, args.sheet_id, args.year))
    ~~~~~~~~~~~^^^^^^^^^^^^^^^^^^^^^^^^^^^^^^^^^^^^^^^^^^
  File "C:\Users\divya\AppData\Local\Programs\Python\Python314\Lib\asyncio\runners.py", line 204, in run
    return runner.run(main)
           ~~~~~~~~~~^^^^^^
  File "C:\Users\divya\AppData\Local\Programs\Python\Python314\Lib\asyncio\runners.py", line 127, in run
    return self._loop.run_until_complete(task)
           ~~~~~~~~~~~~~~~~~~~~~~~~~~~~~^^^^^^
  File "C:\Users\divya\AppData\Local\Programs\Python\Python314\Lib\asyncio\base_events.py", line 719, in run_until_complete
    return future.result()
           ~~~~~~~~~~~~~^^
  File "C:\Users\divya\Desktop\SparksRadar\submittal_tracker\main.py", line 58, in run
    docs = await discover_documents(
           ^^^^^^^^^^^^^^^^^^^^^^^^^
        archive_url, base_url, pdf_url_template, year_filter=year_filter,
        ^^^^^^^^^^^^^^^^^^^^^^^^^^^^^^^^^^^^^^^^^^^^^^^^^^^^^^^^^^^^^^^^^
    )
    ^
  File "C:\Users\divya\Desktop\SparksRadar\submittal_tracker\scraper.py", line 43, in discover_documents
    await page.goto(archive_url, timeout=20_000, wait_until="networkidle")
  File "C:\Users\divya\Desktop\SparksRadar\.venv\Lib\site-packages\playwright\async_api\_generated.py", line 9045, in goto
    await self._impl_obj.goto(
        url=url, timeout=timeout, waitUntil=wait_until, referer=referer
    )
  File "C:\Users\divya\Desktop\SparksRadar\.venv\Lib\site-packages\playwright\_impl\_page.py", line 552, in goto
    return await self._main_frame.goto(**locals_to_params(locals()))
           ^^^^^^^^^^^^^^^^^^^^^^^^^^^^^^^^^^^^^^^^^^^^^^^^^^^^^^^^^
  File "C:\Users\divya\Desktop\SparksRadar\.venv\Lib\site-packages\playwright\_impl\_frame.py", line 153, in goto
    await self._channel.send(
        "goto", self._navigation_timeout, locals_to_params(locals())
    )
  File "C:\Users\divya\Desktop\SparksRadar\.venv\Lib\site-packages\playwright\_impl\_connection.py", line 69, in send
    return await self._connection.wrap_api_call(
           ^^^^^^^^^^^^^^^^^^^^^^^^^^^^^^^^^^^^^
    ...<3 lines>...
    )
    ^
  File "C:\Users\divya\Desktop\SparksRadar\.venv\Lib\site-packages\playwright\_impl\_connection.py", line 559, in wrap_api_call
    raise rewrite_error(error, f"{parsed_st['apiName']}: {error}") from None
playwright._impl._errors.TimeoutError: Page.goto: Timeout 20000ms exceeded.
Call log:
  - navigating to "https://www.friscotexas.gov/Archive.aspx?AMID=81", waiting until "networkidle"

Run finished: 24-03-2026 21:26:08.78 
 
============================================ 
Run started: 24-03-2026 21:26:58.14 
============================================ 
2026-03-24 21:27:01,527  INFO      submittal_tracker  Discovering documents for Frisco …
2026-03-24 21:27:19,659  INFO      submittal_tracker.scraper  Discovered 52 submittal documents from https://www.friscotexas.gov/Archive.aspx?AMID=81
2026-03-24 21:27:19,659  INFO      submittal_tracker  Found 52 documents for Frisco
2026-03-24 21:27:19,659  INFO      submittal_tracker  Processing July 13, 2020 (ADID=2747, date=2020-07-13) …
2026-03-24 21:27:20,828  INFO      httpx  HTTP Request: GET https://www.friscotexas.gov/ArchiveCenter/ViewFile/Item/2747 "HTTP/1.1 200 OK"
2026-03-24 21:27:22,299  INFO      submittal_tracker.extractor  Extracted 8 rows from https://www.friscotexas.gov/ArchiveCenter/ViewFile/Item/2747
2026-03-24 21:27:26,146  INFO      submittal_tracker.sheets_writer  Wrote 8 new row(s) to sheet 'Frisco' (0 duplicates skipped)
2026-03-24 21:27:26,150  INFO      submittal_tracker    \u2192 8 new rows from July 13, 2020 (8 total so far)
2026-03-24 21:27:28,370  INFO      httpx  HTTP Request: POST https://198fcac0-4eee-4492-983d-f7422dd37f97-00-2dj56mjtu93ck.janeway.replit.dev/webhooks/permits "HTTP/1.1 404 Not Found"
2026-03-24 21:27:28,370  WARNING   submittal_tracker.webhook_writer  Webhook returned 404 for Frisco: 
2026-03-24 21:27:29,871  INFO      submittal_tracker  Processing August 14, 2023 (ADID=3226, date=2023-08-14) …
2026-03-24 21:27:31,867  INFO      httpx  HTTP Request: GET https://www.friscotexas.gov/ArchiveCenter/ViewFile/Item/3226 "HTTP/1.1 200 OK"
2026-03-24 21:27:34,372  INFO      submittal_tracker.extractor  Extracted 18 rows from https://www.friscotexas.gov/ArchiveCenter/ViewFile/Item/3226
2026-03-24 21:27:37,818  INFO      submittal_tracker.sheets_writer  Wrote 18 new row(s) to sheet 'Frisco' (0 duplicates skipped)
2026-03-24 21:27:37,821  INFO      submittal_tracker    \u2192 18 new rows from August 14, 2023 (26 total so far)
2026-03-24 21:27:39,193  INFO      httpx  HTTP Request: POST https://198fcac0-4eee-4492-983d-f7422dd37f97-00-2dj56mjtu93ck.janeway.replit.dev/webhooks/permits "HTTP/1.1 404 Not Found"
2026-03-24 21:27:39,194  WARNING   submittal_tracker.webhook_writer  Webhook returned 404 for Frisco: 
2026-03-24 21:27:40,694  INFO      submittal_tracker  Processing January 16, 2024 (ADID=3308, date=2024-01-16) …
2026-03-24 21:27:42,584  INFO      httpx  HTTP Request: GET https://www.friscotexas.gov/ArchiveCenter/ViewFile/Item/3308 "HTTP/1.1 200 OK"
2026-03-24 21:27:45,282  INFO      submittal_tracker.extractor  Extracted 8 rows from https://www.friscotexas.gov/ArchiveCenter/ViewFile/Item/3308
2026-03-24 21:27:48,937  INFO      submittal_tracker.sheets_writer  Wrote 8 new row(s) to sheet 'Frisco' (0 duplicates skipped)
2026-03-24 21:27:48,939  INFO      submittal_tracker    \u2192 8 new rows from January 16, 2024 (34 total so far)
2026-03-24 21:27:50,395  INFO      httpx  HTTP Request: POST https://198fcac0-4eee-4492-983d-f7422dd37f97-00-2dj56mjtu93ck.janeway.replit.dev/webhooks/permits "HTTP/1.1 404 Not Found"
2026-03-24 21:27:50,395  WARNING   submittal_tracker.webhook_writer  Webhook returned 404 for Frisco: 
2026-03-24 21:27:51,896  INFO      submittal_tracker  Processing March 25, 2024 (ADID=3327, date=2024-03-25) …
2026-03-24 21:27:52,771  INFO      httpx  HTTP Request: GET https://www.friscotexas.gov/ArchiveCenter/ViewFile/Item/3327 "HTTP/1.1 200 OK"
2026-03-24 21:27:55,559  INFO      submittal_tracker.extractor  Extracted 11 rows from https://www.friscotexas.gov/ArchiveCenter/ViewFile/Item/3327
2026-03-24 21:27:59,856  INFO      submittal_tracker.sheets_writer  Wrote 11 new row(s) to sheet 'Frisco' (0 duplicates skipped)
2026-03-24 21:27:59,884  INFO      submittal_tracker    \u2192 11 new rows from March 25, 2024 (45 total so far)
2026-03-24 21:28:01,301  INFO      httpx  HTTP Request: POST https://198fcac0-4eee-4492-983d-f7422dd37f97-00-2dj56mjtu93ck.janeway.replit.dev/webhooks/permits "HTTP/1.1 404 Not Found"
2026-03-24 21:28:01,302  WARNING   submittal_tracker.webhook_writer  Webhook returned 404 for Frisco: 
2026-03-24 21:28:02,802  INFO      submittal_tracker  Processing April 15, 2024 (ADID=3338, date=2024-04-15) …
2026-03-24 21:28:03,966  INFO      httpx  HTTP Request: GET https://www.friscotexas.gov/ArchiveCenter/ViewFile/Item/3338 "HTTP/1.1 200 OK"
2026-03-24 21:28:09,203  INFO      submittal_tracker.extractor  Extracted 14 rows from https://www.friscotexas.gov/ArchiveCenter/ViewFile/Item/3338
2026-03-24 21:28:13,049  INFO      submittal_tracker.sheets_writer  Wrote 14 new row(s) to sheet 'Frisco' (0 duplicates skipped)
2026-03-24 21:28:13,053  INFO      submittal_tracker    \u2192 14 new rows from April 15, 2024 (59 total so far)
2026-03-24 21:28:15,120  INFO      httpx  HTTP Request: POST https://198fcac0-4eee-4492-983d-f7422dd37f97-00-2dj56mjtu93ck.janeway.replit.dev/webhooks/permits "HTTP/1.1 404 Not Found"
2026-03-24 21:28:15,121  WARNING   submittal_tracker.webhook_writer  Webhook returned 404 for Frisco: 
2026-03-24 21:28:16,621  INFO      submittal_tracker  Processing April 29th, 2024 (ADID=3348, date=2024-04-29) …
2026-03-24 21:28:17,351  INFO      httpx  HTTP Request: GET https://www.friscotexas.gov/ArchiveCenter/ViewFile/Item/3348 "HTTP/1.1 200 OK"
2026-03-24 21:28:19,330  INFO      submittal_tracker.extractor  Extracted 15 rows from https://www.friscotexas.gov/ArchiveCenter/ViewFile/Item/3348
2026-03-24 21:28:22,306  INFO      submittal_tracker.sheets_writer  Wrote 15 new row(s) to sheet 'Frisco' (0 duplicates skipped)
2026-03-24 21:28:22,312  INFO      submittal_tracker    \u2192 15 new rows from April 29th, 2024 (74 total so far)
2026-03-24 21:28:23,757  INFO      httpx  HTTP Request: POST https://198fcac0-4eee-4492-983d-f7422dd37f97-00-2dj56mjtu93ck.janeway.replit.dev/webhooks/permits "HTTP/1.1 404 Not Found"
2026-03-24 21:28:23,758  WARNING   submittal_tracker.webhook_writer  Webhook returned 404 for Frisco: 
2026-03-24 21:28:25,258  INFO      submittal_tracker  Processing May 13, 2024 (ADID=3349, date=2024-05-13) …
2026-03-24 21:28:26,606  INFO      httpx  HTTP Request: GET https://www.friscotexas.gov/ArchiveCenter/ViewFile/Item/3349 "HTTP/1.1 200 OK"
2026-03-24 21:28:28,933  INFO      submittal_tracker.extractor  Extracted 16 rows from https://www.friscotexas.gov/ArchiveCenter/ViewFile/Item/3349
2026-03-24 21:28:32,289  INFO      submittal_tracker.sheets_writer  Wrote 16 new row(s) to sheet 'Frisco' (0 duplicates skipped)
2026-03-24 21:28:32,293  INFO      submittal_tracker    \u2192 16 new rows from May 13, 2024 (90 total so far)
2026-03-24 21:28:38,048  INFO      httpx  HTTP Request: POST https://198fcac0-4eee-4492-983d-f7422dd37f97-00-2dj56mjtu93ck.janeway.replit.dev/webhooks/permits "HTTP/1.1 404 Not Found"
2026-03-24 21:28:38,049  WARNING   submittal_tracker.webhook_writer  Webhook returned 404 for Frisco: 
2026-03-24 21:28:39,549  INFO      submittal_tracker  Processing May 28, 2024 (ADID=3354, date=2024-05-28) …
2026-03-24 21:28:40,305  INFO      httpx  HTTP Request: GET https://www.friscotexas.gov/ArchiveCenter/ViewFile/Item/3354 "HTTP/1.1 200 OK"
2026-03-24 21:28:43,303  INFO      submittal_tracker.extractor  Extracted 15 rows from https://www.friscotexas.gov/ArchiveCenter/ViewFile/Item/3354
2026-03-24 21:28:46,629  INFO      submittal_tracker.sheets_writer  Wrote 15 new row(s) to sheet 'Frisco' (0 duplicates skipped)
2026-03-24 21:28:46,632  INFO      submittal_tracker    \u2192 15 new rows from May 28, 2024 (105 total so far)
2026-03-24 21:28:48,079  INFO      httpx  HTTP Request: POST https://198fcac0-4eee-4492-983d-f7422dd37f97-00-2dj56mjtu93ck.janeway.replit.dev/webhooks/permits "HTTP/1.1 404 Not Found"
2026-03-24 21:28:48,080  WARNING   submittal_tracker.webhook_writer  Webhook returned 404 for Frisco: 
2026-03-24 21:28:49,580  INFO      submittal_tracker  Processing June 24, 2024 (ADID=3357, date=2024-06-24) …
2026-03-24 21:28:50,340  INFO      httpx  HTTP Request: GET https://www.friscotexas.gov/ArchiveCenter/ViewFile/Item/3357 "HTTP/1.1 200 OK"
2026-03-24 21:28:51,170  INFO      submittal_tracker.extractor  Extracted 16 rows from https://www.friscotexas.gov/ArchiveCenter/ViewFile/Item/3357
2026-03-24 21:28:54,570  INFO      submittal_tracker.sheets_writer  Wrote 16 new row(s) to sheet 'Frisco' (0 duplicates skipped)
2026-03-24 21:28:54,573  INFO      submittal_tracker    \u2192 16 new rows from June 24, 2024 (121 total so far)
2026-03-24 21:28:57,420  INFO      httpx  HTTP Request: POST https://198fcac0-4eee-4492-983d-f7422dd37f97-00-2dj56mjtu93ck.janeway.replit.dev/webhooks/permits "HTTP/1.1 404 Not Found"
2026-03-24 21:28:57,421  WARNING   submittal_tracker.webhook_writer  Webhook returned 404 for Frisco: 
2026-03-24 21:28:58,921  INFO      submittal_tracker  Processing June 24, 2024 (ADID=3356, date=2024-06-24) …
2026-03-24 21:29:00,582  INFO      httpx  HTTP Request: GET https://www.friscotexas.gov/ArchiveCenter/ViewFile/Item/3356 "HTTP/1.1 200 OK"
2026-03-24 21:29:02,866  INFO      submittal_tracker.extractor  Extracted 16 rows from https://www.friscotexas.gov/ArchiveCenter/ViewFile/Item/3356
2026-03-24 21:29:06,924  INFO      submittal_tracker.sheets_writer  Wrote 0 new row(s) to sheet 'Frisco' (16 duplicates skipped)
2026-03-24 21:29:06,928  INFO      submittal_tracker    \u2192 0 new rows from June 24, 2024 (121 total so far)
2026-03-24 21:29:09,000  INFO      httpx  HTTP Request: POST https://198fcac0-4eee-4492-983d-f7422dd37f97-00-2dj56mjtu93ck.janeway.replit.dev/webhooks/permits "HTTP/1.1 404 Not Found"
2026-03-24 21:29:09,000  WARNING   submittal_tracker.webhook_writer  Webhook returned 404 for Frisco: 
2026-03-24 21:29:10,501  INFO      submittal_tracker  Processing July 15, 2024 (ADID=3370, date=2024-07-15) …
2026-03-24 21:29:12,041  INFO      httpx  HTTP Request: GET https://www.friscotexas.gov/ArchiveCenter/ViewFile/Item/3370 "HTTP/1.1 200 OK"
2026-03-24 21:29:14,478  INFO      submittal_tracker.extractor  Extracted 9 rows from https://www.friscotexas.gov/ArchiveCenter/ViewFile/Item/3370
2026-03-24 21:29:21,193  INFO      submittal_tracker.sheets_writer  Wrote 9 new row(s) to sheet 'Frisco' (0 duplicates skipped)
2026-03-24 21:29:21,197  INFO      submittal_tracker    \u2192 9 new rows from July 15, 2024 (130 total so far)
2026-03-24 21:29:23,282  INFO      httpx  HTTP Request: POST https://198fcac0-4eee-4492-983d-f7422dd37f97-00-2dj56mjtu93ck.janeway.replit.dev/webhooks/permits "HTTP/1.1 404 Not Found"
2026-03-24 21:29:23,283  WARNING   submittal_tracker.webhook_writer  Webhook returned 404 for Frisco: 
2026-03-24 21:29:24,783  INFO      submittal_tracker  Processing July 29, 2024 (ADID=3378, date=2024-07-29) …
2026-03-24 21:29:26,169  INFO      httpx  HTTP Request: GET https://www.friscotexas.gov/ArchiveCenter/ViewFile/Item/3378 "HTTP/1.1 200 OK"
2026-03-24 21:29:28,712  INFO      submittal_tracker.extractor  Extracted 18 rows from https://www.friscotexas.gov/ArchiveCenter/ViewFile/Item/3378
2026-03-24 21:29:32,690  INFO      submittal_tracker.sheets_writer  Wrote 18 new row(s) to sheet 'Frisco' (0 duplicates skipped)
2026-03-24 21:29:32,694  INFO      submittal_tracker    \u2192 18 new rows from July 29, 2024 (148 total so far)
2026-03-24 21:29:36,273  INFO      httpx  HTTP Request: POST https://198fcac0-4eee-4492-983d-f7422dd37f97-00-2dj56mjtu93ck.janeway.replit.dev/webhooks/permits "HTTP/1.1 404 Not Found"
2026-03-24 21:29:36,276  WARNING   submittal_tracker.webhook_writer  Webhook returned 404 for Frisco: 
2026-03-24 21:29:37,778  INFO      submittal_tracker  Processing August 12, 2024 (ADID=3380, date=2024-08-12) …
2026-03-24 21:29:39,747  INFO      httpx  HTTP Request: GET https://www.friscotexas.gov/ArchiveCenter/ViewFile/Item/3380 "HTTP/1.1 200 OK"
2026-03-24 21:29:42,092  INFO      submittal_tracker.extractor  Extracted 8 rows from https://www.friscotexas.gov/ArchiveCenter/ViewFile/Item/3380
2026-03-24 21:29:46,356  INFO      submittal_tracker.sheets_writer  Wrote 8 new row(s) to sheet 'Frisco' (0 duplicates skipped)
2026-03-24 21:29:46,387  INFO      submittal_tracker    \u2192 8 new rows from August 12, 2024 (156 total so far)
2026-03-24 21:29:48,291  INFO      httpx  HTTP Request: POST https://198fcac0-4eee-4492-983d-f7422dd37f97-00-2dj56mjtu93ck.janeway.replit.dev/webhooks/permits "HTTP/1.1 404 Not Found"
2026-03-24 21:29:48,292  WARNING   submittal_tracker.webhook_writer  Webhook returned 404 for Frisco: 
2026-03-24 21:29:49,794  INFO      submittal_tracker  Processing August 26, 2024 (ADID=3381, date=2024-08-26) …
2026-03-24 21:29:51,750  INFO      httpx  HTTP Request: GET https://www.friscotexas.gov/ArchiveCenter/ViewFile/Item/3381 "HTTP/1.1 200 OK"
2026-03-24 21:29:54,133  INFO      submittal_tracker.extractor  Extracted 16 rows from https://www.friscotexas.gov/ArchiveCenter/ViewFile/Item/3381
2026-03-24 21:29:57,659  INFO      submittal_tracker.sheets_writer  Wrote 16 new row(s) to sheet 'Frisco' (0 duplicates skipped)
2026-03-24 21:29:57,664  INFO      submittal_tracker    \u2192 16 new rows from August 26, 2024 (172 total so far)
2026-03-24 21:29:59,170  INFO      httpx  HTTP Request: POST https://198fcac0-4eee-4492-983d-f7422dd37f97-00-2dj56mjtu93ck.janeway.replit.dev/webhooks/permits "HTTP/1.1 404 Not Found"
2026-03-24 21:29:59,171  WARNING   submittal_tracker.webhook_writer  Webhook returned 404 for Frisco: 
2026-03-24 21:30:00,671  INFO      submittal_tracker  Processing September 9, 2024 (ADID=3386, date=2024-09-09) …
2026-03-24 21:30:02,061  INFO      httpx  HTTP Request: GET https://www.friscotexas.gov/ArchiveCenter/ViewFile/Item/3386 "HTTP/1.1 200 OK"
2026-03-24 21:30:05,221  INFO      submittal_tracker.extractor  Extracted 15 rows from https://www.friscotexas.gov/ArchiveCenter/ViewFile/Item/3386
2026-03-24 21:30:08,394  INFO      submittal_tracker.sheets_writer  Wrote 15 new row(s) to sheet 'Frisco' (0 duplicates skipped)
2026-03-24 21:30:08,398  INFO      submittal_tracker    \u2192 15 new rows from September 9, 2024 (187 total so far)
2026-03-24 21:30:09,892  INFO      httpx  HTTP Request: POST https://198fcac0-4eee-4492-983d-f7422dd37f97-00-2dj56mjtu93ck.janeway.replit.dev/webhooks/permits "HTTP/1.1 404 Not Found"
2026-03-24 21:30:09,893  WARNING   submittal_tracker.webhook_writer  Webhook returned 404 for Frisco: 
2026-03-24 21:30:11,394  INFO      submittal_tracker  Processing September 23, 2024 (ADID=3387, date=2024-09-23) …
2026-03-24 21:30:13,527  INFO      httpx  HTTP Request: GET https://www.friscotexas.gov/ArchiveCenter/ViewFile/Item/3387 "HTTP/1.1 200 OK"
2026-03-24 21:30:15,874  INFO      submittal_tracker.extractor  Extracted 13 rows from https://www.friscotexas.gov/ArchiveCenter/ViewFile/Item/3387
2026-03-24 21:30:20,646  INFO      submittal_tracker.sheets_writer  Wrote 13 new row(s) to sheet 'Frisco' (0 duplicates skipped)
2026-03-24 21:30:20,653  INFO      submittal_tracker    \u2192 13 new rows from September 23, 2024 (200 total so far)
2026-03-24 21:30:22,091  INFO      httpx  HTTP Request: POST https://198fcac0-4eee-4492-983d-f7422dd37f97-00-2dj56mjtu93ck.janeway.replit.dev/webhooks/permits "HTTP/1.1 404 Not Found"
2026-03-24 21:30:22,092  WARNING   submittal_tracker.webhook_writer  Webhook returned 404 for Frisco: 
2026-03-24 21:30:23,593  INFO      submittal_tracker  Processing October 14, 2024 (ADID=3393, date=2024-10-14) …
2026-03-24 21:30:25,321  INFO      httpx  HTTP Request: GET https://www.friscotexas.gov/ArchiveCenter/ViewFile/Item/3393 "HTTP/1.1 200 OK"
2026-03-24 21:30:27,679  INFO      submittal_tracker.extractor  Extracted 12 rows from https://www.friscotexas.gov/ArchiveCenter/ViewFile/Item/3393
2026-03-24 21:30:38,992  INFO      submittal_tracker.sheets_writer  Wrote 12 new row(s) to sheet 'Frisco' (0 duplicates skipped)
2026-03-24 21:30:39,051  INFO      submittal_tracker    \u2192 12 new rows from October 14, 2024 (212 total so far)
2026-03-24 21:30:41,078  INFO      httpx  HTTP Request: POST https://198fcac0-4eee-4492-983d-f7422dd37f97-00-2dj56mjtu93ck.janeway.replit.dev/webhooks/permits "HTTP/1.1 404 Not Found"
2026-03-24 21:30:41,079  WARNING   submittal_tracker.webhook_writer  Webhook returned 404 for Frisco: 
2026-03-24 21:30:42,580  INFO      submittal_tracker  Processing October 28, 2024 (ADID=3395, date=2024-10-28) …
2026-03-24 21:30:44,694  INFO      httpx  HTTP Request: GET https://www.friscotexas.gov/ArchiveCenter/ViewFile/Item/3395 "HTTP/1.1 200 OK"
2026-03-24 21:30:46,452  INFO      submittal_tracker.extractor  Extracted 13 rows from https://www.friscotexas.gov/ArchiveCenter/ViewFile/Item/3395
2026-03-24 21:30:49,859  INFO      submittal_tracker.sheets_writer  Wrote 13 new row(s) to sheet 'Frisco' (0 duplicates skipped)
2026-03-24 21:30:49,862  INFO      submittal_tracker    \u2192 13 new rows from October 28, 2024 (225 total so far)
2026-03-24 21:30:51,259  INFO      httpx  HTTP Request: POST https://198fcac0-4eee-4492-983d-f7422dd37f97-00-2dj56mjtu93ck.janeway.replit.dev/webhooks/permits "HTTP/1.1 404 Not Found"
2026-03-24 21:30:51,259  WARNING   submittal_tracker.webhook_writer  Webhook returned 404 for Frisco: 
2026-03-24 21:30:52,760  INFO      submittal_tracker  Processing October 28, 2024 (ADID=3394, date=2024-10-28) …
2026-03-24 21:30:53,419  INFO      httpx  HTTP Request: GET https://www.friscotexas.gov/ArchiveCenter/ViewFile/Item/3394 "HTTP/1.1 200 OK"
2026-03-24 21:30:54,321  INFO      submittal_tracker.extractor  Extracted 13 rows from https://www.friscotexas.gov/ArchiveCenter/ViewFile/Item/3394
2026-03-24 21:30:57,201  INFO      submittal_tracker.sheets_writer  Wrote 0 new row(s) to sheet 'Frisco' (13 duplicates skipped)
2026-03-24 21:30:57,203  INFO      submittal_tracker    \u2192 0 new rows from October 28, 2024 (225 total so far)
2026-03-24 21:30:58,958  INFO      httpx  HTTP Request: POST https://198fcac0-4eee-4492-983d-f7422dd37f97-00-2dj56mjtu93ck.janeway.replit.dev/webhooks/permits "HTTP/1.1 404 Not Found"
2026-03-24 21:30:58,958  WARNING   submittal_tracker.webhook_writer  Webhook returned 404 for Frisco: 
2026-03-24 21:31:00,459  INFO      submittal_tracker  Processing November 11, 2024 (ADID=3400, date=2024-11-11) …
2026-03-24 21:31:55,666  ERROR     submittal_tracker.extractor  Download failed: https://www.friscotexas.gov/ArchiveCenter/ViewFile/Item/3400
Traceback (most recent call last):
  File "C:\Users\divya\Desktop\SparksRadar\.venv\Lib\site-packages\httpx\_transports\default.py", line 101, in map_httpcore_exceptions
    yield
  File "C:\Users\divya\Desktop\SparksRadar\.venv\Lib\site-packages\httpx\_transports\default.py", line 250, in handle_request
    resp = self._pool.handle_request(req)
  File "C:\Users\divya\Desktop\SparksRadar\.venv\Lib\site-packages\httpcore\_sync\connection_pool.py", line 256, in handle_request
    raise exc from None
  File "C:\Users\divya\Desktop\SparksRadar\.venv\Lib\site-packages\httpcore\_sync\connection_pool.py", line 236, in handle_request
    response = connection.handle_request(
        pool_request.request
    )
  File "C:\Users\divya\Desktop\SparksRadar\.venv\Lib\site-packages\httpcore\_sync\connection.py", line 101, in handle_request
    raise exc
  File "C:\Users\divya\Desktop\SparksRadar\.venv\Lib\site-packages\httpcore\_sync\connection.py", line 78, in handle_request
    stream = self._connect(request)
  File "C:\Users\divya\Desktop\SparksRadar\.venv\Lib\site-packages\httpcore\_sync\connection.py", line 156, in _connect
    stream = stream.start_tls(**kwargs)
  File "C:\Users\divya\Desktop\SparksRadar\.venv\Lib\site-packages\httpcore\_backends\sync.py", line 154, in start_tls
    with map_exceptions(exc_map):
         ~~~~~~~~~~~~~~^^^^^^^^^
  File "C:\Users\divya\AppData\Local\Programs\Python\Python314\Lib\contextlib.py", line 162, in __exit__
    self.gen.throw(value)
    ~~~~~~~~~~~~~~^^^^^^^
  File "C:\Users\divya\Desktop\SparksRadar\.venv\Lib\site-packages\httpcore\_exceptions.py", line 14, in map_exceptions
    raise to_exc(exc) from exc
httpcore.ConnectError: [SSL: UNEXPECTED_EOF_WHILE_READING] EOF occurred in violation of protocol (_ssl.c:1081)

The above exception was the direct cause of the following exception:

Traceback (most recent call last):
  File "C:\Users\divya\Desktop\SparksRadar\submittal_tracker\extractor.py", line 105, in download_pdf
    r = httpx.get(url, follow_redirects=True, timeout=timeout)
  File "C:\Users\divya\Desktop\SparksRadar\.venv\Lib\site-packages\httpx\_api.py", line 195, in get
    return request(
        "GET",
    ...<9 lines>...
        trust_env=trust_env,
    )
  File "C:\Users\divya\Desktop\SparksRadar\.venv\Lib\site-packages\httpx\_api.py", line 109, in request
    return client.request(
           ~~~~~~~~~~~~~~^
        method=method,
        ^^^^^^^^^^^^^^
    ...<8 lines>...
        follow_redirects=follow_redirects,
        ^^^^^^^^^^^^^^^^^^^^^^^^^^^^^^^^^^
    )
    ^
  File "C:\Users\divya\Desktop\SparksRadar\.venv\Lib\site-packages\httpx\_client.py", line 825, in request
    return self.send(request, auth=auth, follow_redirects=follow_redirects)
           ~~~~~~~~~^^^^^^^^^^^^^^^^^^^^^^^^^^^^^^^^^^^^^^^^^^^^^^^^^^^^^^^
  File "C:\Users\divya\Desktop\SparksRadar\.venv\Lib\site-packages\httpx\_client.py", line 914, in send
    response = self._send_handling_auth(
        request,
    ...<2 lines>...
        history=[],
    )
  File "C:\Users\divya\Desktop\SparksRadar\.venv\Lib\site-packages\httpx\_client.py", line 942, in _send_handling_auth
    response = self._send_handling_redirects(
        request,
        follow_redirects=follow_redirects,
        history=history,
    )
  File "C:\Users\divya\Desktop\SparksRadar\.venv\Lib\site-packages\httpx\_client.py", line 979, in _send_handling_redirects
    response = self._send_single_request(request)
  File "C:\Users\divya\Desktop\SparksRadar\.venv\Lib\site-packages\httpx\_client.py", line 1014, in _send_single_request
    response = transport.handle_request(request)
  File "C:\Users\divya\Desktop\SparksRadar\.venv\Lib\site-packages\httpx\_transports\default.py", line 249, in handle_request
    with map_httpcore_exceptions():
         ~~~~~~~~~~~~~~~~~~~~~~~^^
  File "C:\Users\divya\AppData\Local\Programs\Python\Python314\Lib\contextlib.py", line 162, in __exit__
    self.gen.throw(value)
    ~~~~~~~~~~~~~~^^^^^^^
  File "C:\Users\divya\Desktop\SparksRadar\.venv\Lib\site-packages\httpx\_transports\default.py", line 118, in map_httpcore_exceptions
    raise mapped_exc(message) from exc
httpx.ConnectError: [SSL: UNEXPECTED_EOF_WHILE_READING] EOF occurred in violation of protocol (_ssl.c:1081)
2026-03-24 21:31:57,288  WARNING   submittal_tracker  Skipping November 11, 2024 – download failed
2026-03-24 21:31:57,334  INFO      submittal_tracker  Processing December 16, 2024 (ADID=3406, date=2024-12-16) …
2026-03-24 21:32:01,628  INFO      httpx  HTTP Request: GET https://www.friscotexas.gov/ArchiveCenter/ViewFile/Item/3406 "HTTP/1.1 200 OK"
2026-03-24 21:32:06,857  INFO      submittal_tracker.extractor  Extracted 31 rows from https://www.friscotexas.gov/ArchiveCenter/ViewFile/Item/3406
2026-03-24 21:32:11,072  INFO      submittal_tracker.sheets_writer  Wrote 31 new row(s) to sheet 'Frisco' (0 duplicates skipped)
2026-03-24 21:32:11,171  INFO      submittal_tracker    \u2192 31 new rows from December 16, 2024 (256 total so far)
2026-03-24 21:32:16,556  INFO      httpx  HTTP Request: POST https://198fcac0-4eee-4492-983d-f7422dd37f97-00-2dj56mjtu93ck.janeway.replit.dev/webhooks/permits "HTTP/1.1 404 Not Found"
2026-03-24 21:32:16,560  WARNING   submittal_tracker.webhook_writer  Webhook returned 404 for Frisco: 
2026-03-24 21:32:18,061  INFO      submittal_tracker  Processing December 30, 2024 (ADID=3407, date=2024-12-30) …
2026-03-24 21:32:20,695  INFO      httpx  HTTP Request: GET https://www.friscotexas.gov/ArchiveCenter/ViewFile/Item/3407 "HTTP/1.1 200 OK"
2026-03-24 21:32:25,912  INFO      submittal_tracker.extractor  Extracted 13 rows from https://www.friscotexas.gov/ArchiveCenter/ViewFile/Item/3407
============================================ 
Run started: 24-03-2026 21:36:25.70 
============================================ 
2026-03-24 21:36:28,248  INFO      submittal_tracker  Discovering documents for Frisco …
Traceback (most recent call last):
  File "<frozen runpy>", line 198, in _run_module_as_main
  File "<frozen runpy>", line 88, in _run_code
  File "C:\Users\divya\Desktop\SparksRadar\submittal_tracker\main.py", line 117, in <module>
    main()
    ~~~~^^
  File "C:\Users\divya\Desktop\SparksRadar\submittal_tracker\main.py", line 113, in main
    asyncio.run(run(args.city, args.sheet_id, args.year))
    ~~~~~~~~~~~^^^^^^^^^^^^^^^^^^^^^^^^^^^^^^^^^^^^^^^^^^
  File "C:\Users\divya\AppData\Local\Programs\Python\Python314\Lib\asyncio\runners.py", line 204, in run
    return runner.run(main)
           ~~~~~~~~~~^^^^^^
  File "C:\Users\divya\AppData\Local\Programs\Python\Python314\Lib\asyncio\runners.py", line 127, in run
    return self._loop.run_until_complete(task)
           ~~~~~~~~~~~~~~~~~~~~~~~~~~~~~^^^^^^
  File "C:\Users\divya\AppData\Local\Programs\Python\Python314\Lib\asyncio\base_events.py", line 719, in run_until_complete
    return future.result()
           ~~~~~~~~~~~~~^^
  File "C:\Users\divya\Desktop\SparksRadar\submittal_tracker\main.py", line 58, in run
    docs = await discover_documents(
           ^^^^^^^^^^^^^^^^^^^^^^^^^
        archive_url, base_url, pdf_url_template, year_filter=year_filter,
        ^^^^^^^^^^^^^^^^^^^^^^^^^^^^^^^^^^^^^^^^^^^^^^^^^^^^^^^^^^^^^^^^^
    )
    ^
  File "C:\Users\divya\Desktop\SparksRadar\submittal_tracker\scraper.py", line 43, in discover_documents
    await page.goto(archive_url, timeout=20_000, wait_until="networkidle")
  File "C:\Users\divya\Desktop\SparksRadar\.venv\Lib\site-packages\playwright\async_api\_generated.py", line 9045, in goto
    await self._impl_obj.goto(
        url=url, timeout=timeout, waitUntil=wait_until, referer=referer
    )
  File "C:\Users\divya\Desktop\SparksRadar\.venv\Lib\site-packages\playwright\_impl\_page.py", line 552, in goto
    return await self._main_frame.goto(**locals_to_params(locals()))
           ^^^^^^^^^^^^^^^^^^^^^^^^^^^^^^^^^^^^^^^^^^^^^^^^^^^^^^^^^
  File "C:\Users\divya\Desktop\SparksRadar\.venv\Lib\site-packages\playwright\_impl\_frame.py", line 153, in goto
    await self._channel.send(
        "goto", self._navigation_timeout, locals_to_params(locals())
    )
  File "C:\Users\divya\Desktop\SparksRadar\.venv\Lib\site-packages\playwright\_impl\_connection.py", line 69, in send
    return await self._connection.wrap_api_call(
           ^^^^^^^^^^^^^^^^^^^^^^^^^^^^^^^^^^^^^
    ...<3 lines>...
    )
    ^
  File "C:\Users\divya\Desktop\SparksRadar\.venv\Lib\site-packages\playwright\_impl\_connection.py", line 559, in wrap_api_call
    raise rewrite_error(error, f"{parsed_st['apiName']}: {error}") from None
playwright._impl._errors.TimeoutError: Page.goto: Timeout 20000ms exceeded.
Call log:
  - navigating to "https://www.friscotexas.gov/Archive.aspx?AMID=81", waiting until "networkidle"

Run finished: 24-03-2026 21:36:55.65 
 
============================================ 
Run started: 24-03-2026 21:42:20.99 
============================================ 
2026-03-24 21:42:23,193  INFO      submittal_tracker  Discovering documents for Frisco …
Traceback (most recent call last):
  File "<frozen runpy>", line 198, in _run_module_as_main
  File "<frozen runpy>", line 88, in _run_code
  File "C:\Users\divya\Desktop\SparksRadar\submittal_tracker\main.py", line 117, in <module>
    main()
    ~~~~^^
  File "C:\Users\divya\Desktop\SparksRadar\submittal_tracker\main.py", line 113, in main
    asyncio.run(run(args.city, args.sheet_id, args.year))
    ~~~~~~~~~~~^^^^^^^^^^^^^^^^^^^^^^^^^^^^^^^^^^^^^^^^^^
  File "C:\Users\divya\AppData\Local\Programs\Python\Python314\Lib\asyncio\runners.py", line 204, in run
    return runner.run(main)
           ~~~~~~~~~~^^^^^^
  File "C:\Users\divya\AppData\Local\Programs\Python\Python314\Lib\asyncio\runners.py", line 127, in run
    return self._loop.run_until_complete(task)
           ~~~~~~~~~~~~~~~~~~~~~~~~~~~~~^^^^^^
  File "C:\Users\divya\AppData\Local\Programs\Python\Python314\Lib\asyncio\base_events.py", line 719, in run_until_complete
    return future.result()
           ~~~~~~~~~~~~~^^
  File "C:\Users\divya\Desktop\SparksRadar\submittal_tracker\main.py", line 58, in run
    docs = await discover_documents(
           ^^^^^^^^^^^^^^^^^^^^^^^^^
        archive_url, base_url, pdf_url_template, year_filter=year_filter,
        ^^^^^^^^^^^^^^^^^^^^^^^^^^^^^^^^^^^^^^^^^^^^^^^^^^^^^^^^^^^^^^^^^
    )
    ^
  File "C:\Users\divya\Desktop\SparksRadar\submittal_tracker\scraper.py", line 43, in discover_documents
    await page.goto(archive_url, timeout=20_000, wait_until="networkidle")
  File "C:\Users\divya\Desktop\SparksRadar\.venv\Lib\site-packages\playwright\async_api\_generated.py", line 9045, in goto
    await self._impl_obj.goto(
        url=url, timeout=timeout, waitUntil=wait_until, referer=referer
    )
  File "C:\Users\divya\Desktop\SparksRadar\.venv\Lib\site-packages\playwright\_impl\_page.py", line 552, in goto
    return await self._main_frame.goto(**locals_to_params(locals()))
           ^^^^^^^^^^^^^^^^^^^^^^^^^^^^^^^^^^^^^^^^^^^^^^^^^^^^^^^^^
  File "C:\Users\divya\Desktop\SparksRadar\.venv\Lib\site-packages\playwright\_impl\_frame.py", line 153, in goto
    await self._channel.send(
        "goto", self._navigation_timeout, locals_to_params(locals())
    )
  File "C:\Users\divya\Desktop\SparksRadar\.venv\Lib\site-packages\playwright\_impl\_connection.py", line 69, in send
    return await self._connection.wrap_api_call(
           ^^^^^^^^^^^^^^^^^^^^^^^^^^^^^^^^^^^^^
    ...<3 lines>...
    )
    ^
  File "C:\Users\divya\Desktop\SparksRadar\.venv\Lib\site-packages\playwright\_impl\_connection.py", line 559, in wrap_api_call
    raise rewrite_error(error, f"{parsed_st['apiName']}: {error}") from None
playwright._impl._errors.TimeoutError: Page.goto: Timeout 20000ms exceeded.
Call log:
  - navigating to "https://www.friscotexas.gov/Archive.aspx?AMID=81", waiting until "networkidle"

Run finished: 24-03-2026 21:42:50.34 
 
============================================ 
Run started: 24-03-2026 22:13:29.49 
============================================ 
2026-03-24 22:13:32,354  INFO      submittal_tracker  Discovering documents for Frisco …
2026-03-24 22:14:01,296  INFO      submittal_tracker.scraper  Discovered 5 submittal documents from https://www.friscotexas.gov/Archive.aspx?AMID=81
2026-03-24 22:14:01,369  INFO      submittal_tracker  Found 5 documents for Frisco
2026-03-24 22:14:01,369  INFO      submittal_tracker  Processing January 12, 2026 (ADID=3591, date=2026-01-12) …
2026-03-24 22:14:03,249  INFO      httpx  HTTP Request: GET https://www.friscotexas.gov/ArchiveCenter/ViewFile/Item/3591 "HTTP/1.1 200 OK"
2026-03-24 22:14:04,788  INFO      submittal_tracker.extractor  Extracted 10 rows from https://www.friscotexas.gov/ArchiveCenter/ViewFile/Item/3591
2026-03-24 22:14:07,636  INFO      submittal_tracker.sheets_writer  Wrote 0 new row(s) to sheet 'Frisco' (10 duplicates skipped)
2026-03-24 22:14:07,640  INFO      submittal_tracker    \u2192 0 new rows from January 12, 2026 (0 total so far)
2026-03-24 22:14:09,165  INFO      httpx  HTTP Request: POST https://198fcac0-4eee-4492-983d-f7422dd37f97-00-2dj56mjtu93ck.janeway.replit.dev/api/webhooks/permits "HTTP/1.1 200 OK"
2026-03-24 22:14:09,165  INFO      submittal_tracker.webhook_writer  Webhook: sent 10 record(s) for Frisco \u2192 200
2026-03-24 22:14:09,166  INFO      submittal_tracker    \u2192 Webhook: 10 record(s) sent
2026-03-24 22:14:10,666  INFO      submittal_tracker  Processing January 26, 2026 (ADID=3617, date=2026-01-26) …
2026-03-24 22:14:11,985  INFO      httpx  HTTP Request: GET https://www.friscotexas.gov/ArchiveCenter/ViewFile/Item/3617 "HTTP/1.1 200 OK"
2026-03-24 22:14:13,993  INFO      submittal_tracker.extractor  Extracted 13 rows from https://www.friscotexas.gov/ArchiveCenter/ViewFile/Item/3617
2026-03-24 22:14:16,818  INFO      submittal_tracker.sheets_writer  Wrote 0 new row(s) to sheet 'Frisco' (13 duplicates skipped)
2026-03-24 22:14:16,820  INFO      submittal_tracker    \u2192 0 new rows from January 26, 2026 (0 total so far)
2026-03-24 22:14:18,319  INFO      httpx  HTTP Request: POST https://198fcac0-4eee-4492-983d-f7422dd37f97-00-2dj56mjtu93ck.janeway.replit.dev/api/webhooks/permits "HTTP/1.1 200 OK"
2026-03-24 22:14:18,321  INFO      submittal_tracker.webhook_writer  Webhook: sent 13 record(s) for Frisco \u2192 200
2026-03-24 22:14:18,322  INFO      submittal_tracker    \u2192 Webhook: 13 record(s) sent
2026-03-24 22:14:19,823  INFO      submittal_tracker  Processing February 9, 2026 (ADID=3623, date=2026-02-09) …
2026-03-24 22:14:21,174  INFO      httpx  HTTP Request: GET https://www.friscotexas.gov/ArchiveCenter/ViewFile/Item/3623 "HTTP/1.1 200 OK"
2026-03-24 22:14:22,696  INFO      submittal_tracker.extractor  Extracted 7 rows from https://www.friscotexas.gov/ArchiveCenter/ViewFile/Item/3623
2026-03-24 22:14:25,350  INFO      submittal_tracker.sheets_writer  Wrote 0 new row(s) to sheet 'Frisco' (7 duplicates skipped)
2026-03-24 22:14:25,352  INFO      submittal_tracker    \u2192 0 new rows from February 9, 2026 (0 total so far)
2026-03-24 22:14:26,696  INFO      httpx  HTTP Request: POST https://198fcac0-4eee-4492-983d-f7422dd37f97-00-2dj56mjtu93ck.janeway.replit.dev/api/webhooks/permits "HTTP/1.1 200 OK"
2026-03-24 22:14:26,697  INFO      submittal_tracker.webhook_writer  Webhook: sent 7 record(s) for Frisco \u2192 200
2026-03-24 22:14:26,697  INFO      submittal_tracker    \u2192 Webhook: 7 record(s) sent
2026-03-24 22:14:28,197  INFO      submittal_tracker  Processing February 23, 2026 (ADID=3626, date=2026-02-23) …
2026-03-24 22:14:28,893  INFO      httpx  HTTP Request: GET https://www.friscotexas.gov/ArchiveCenter/ViewFile/Item/3626 "HTTP/1.1 200 OK"
2026-03-24 22:14:30,617  INFO      submittal_tracker.extractor  Extracted 9 rows from https://www.friscotexas.gov/ArchiveCenter/ViewFile/Item/3626
2026-03-24 22:14:33,204  INFO      submittal_tracker.sheets_writer  Wrote 0 new row(s) to sheet 'Frisco' (9 duplicates skipped)
2026-03-24 22:14:33,206  INFO      submittal_tracker    \u2192 0 new rows from February 23, 2026 (0 total so far)
2026-03-24 22:14:34,861  INFO      httpx  HTTP Request: POST https://198fcac0-4eee-4492-983d-f7422dd37f97-00-2dj56mjtu93ck.janeway.replit.dev/api/webhooks/permits "HTTP/1.1 200 OK"
2026-03-24 22:14:34,862  INFO      submittal_tracker.webhook_writer  Webhook: sent 9 record(s) for Frisco \u2192 200
2026-03-24 22:14:34,862  INFO      submittal_tracker    \u2192 Webhook: 9 record(s) sent
2026-03-24 22:14:36,362  INFO      submittal_tracker  Processing March 16, 2026 (ADID=3773, date=2026-03-16) …
2026-03-24 22:14:37,828  INFO      httpx  HTTP Request: GET https://www.friscotexas.gov/ArchiveCenter/ViewFile/Item/3773 "HTTP/1.1 200 OK"
2026-03-24 22:14:40,007  INFO      submittal_tracker.extractor  Extracted 18 rows from https://www.friscotexas.gov/ArchiveCenter/ViewFile/Item/3773
2026-03-24 22:14:43,245  INFO      submittal_tracker.sheets_writer  Wrote 0 new row(s) to sheet 'Frisco' (18 duplicates skipped)
2026-03-24 22:14:43,247  INFO      submittal_tracker    \u2192 0 new rows from March 16, 2026 (0 total so far)
2026-03-24 22:14:46,544  INFO      httpx  HTTP Request: POST https://198fcac0-4eee-4492-983d-f7422dd37f97-00-2dj56mjtu93ck.janeway.replit.dev/api/webhooks/permits "HTTP/1.1 200 OK"
2026-03-24 22:14:46,545  INFO      submittal_tracker.webhook_writer  Webhook: sent 18 record(s) for Frisco \u2192 200
2026-03-24 22:14:46,545  INFO      submittal_tracker    \u2192 Webhook: 18 record(s) sent
2026-03-24 22:14:48,045  INFO      submittal_tracker  Done!  0 total new rows written for Frisco.
Run finished: 24-03-2026 22:14:48.33 
 
